2021-08-08 15:55:08,879-INFO-Downloading 0 IBUS500_1_hour_360_D_.csv
2021-08-08 15:55:12,219-INFO-Downloading 0 IBUST100_1_hour_360_D_.csv
2021-08-08 15:55:23,519-INFO-Downloading 0 IBUS30_1_hour_360_D_.csv
2021-08-08 15:55:52,393-INFO-Downloading 0 IBDE30_1_hour_360_D_.csv
2021-08-08 15:56:12,281-INFO-Downloading 0 IBFR40_1_hour_360_D_.csv
2021-08-08 15:56:22,943-INFO-Downloading 0 IBGB100_1_hour_360_D_.csv
2021-08-08 15:56:46,456-INFO-Downloading 0 IBES35_1_hour_360_D_.csv
2021-08-08 15:57:11,428-INFO-Downloading 0 IBCH20_1_hour_360_D_.csv
2021-08-08 15:57:22,673-INFO-Downloading 0 IBNL25_1_hour_360_D_.csv
2021-08-08 15:57:40,323-INFO-Downloading 0 IBEU50_1_hour_360_D_.csv
2021-08-08 15:58:11,352-INFO-Downloading 0 IBAU200_1_hour_360_D_.csv
2021-08-08 15:58:16,285-INFO-Downloading 0 IBHK50_1_hour_360_D_.csv
2021-08-08 15:58:22,231-INFO-Downloading 0 IBJP225_1_hour_360_D_.csv
2021-08-08 15:58:28,379-INFO-Downloading 0 EURUSD_1_hour_360_D_.csv
2021-08-08 15:58:42,142-INFO-Downloading 0 USDSGD_1_hour_360_D_.csv
2021-08-08 15:59:30,443-INFO-Downloading 0 USDJPY_1_hour_360_D_.csv
2021-08-08 15:59:53,545-INFO-Downloading 0 USDHKD_1_hour_360_D_.csv
2021-08-08 16:00:35,581-INFO-Downloading 0 USDCNH_1_hour_360_D_.csv
2021-08-08 16:01:17,565-INFO-Downloading 0 USDCAD_1_hour_360_D_.csv
2021-08-08 16:01:41,876-INFO-Downloading 0 USDCHF_1_hour_360_D_.csv
2021-08-08 16:02:30,490-INFO-Downloading 0 EURSGD_1_hour_360_D_.csv
2021-08-08 16:02:53,569-INFO-Downloading 0 GBPUSD_1_hour_360_D_.csv
2021-08-08 16:03:36,224-INFO-Downloading 0 EURGBP_1_hour_360_D_.csv
2021-08-08 16:04:17,255-INFO-Downloading 0 EURAUD_1_hour_360_D_.csv
2021-08-08 16:04:41,832-INFO-Downloading 0 GBPUSD_1_hour_360_D_.csv
2021-08-08 16:05:30,091-INFO-Downloading 0 EURGBP_1_hour_360_D_.csv
2021-08-08 16:05:53,280-INFO-Downloading 0 EURAUD_1_hour_360_D_.csv
2021-08-08 16:06:36,140-INFO-Downloading 0 GBPUSD_1_hour_360_D_.csv
2021-08-08 16:07:17,301-INFO-Downloading 0 GBPAUD_1_hour_360_D_.csv
2021-08-08 16:07:41,926-INFO-Downloading 0 AUDUSD_1_hour_360_D_.csv
2021-08-08 16:08:30,570-INFO-Downloading 0 AUDSGD_1_hour_360_D_.csv
2021-08-08 16:08:53,325-INFO-Downloading 0 AUDHKD_1_hour_360_D_.csv
2021-08-08 16:09:35,929-INFO-Downloading 0 AUDCNH_1_hour_360_D_.csv
2021-08-08 16:10:17,621-INFO-Downloading 0 AUDJPY_1_hour_360_D_.csv
2021-08-08 16:10:42,239-INFO-Downloading 0 NZDUSD_1_hour_360_D_.csv
2021-08-08 16:11:30,260-INFO-Downloading 0 SGDJPY_1_hour_360_D_.csv
2021-08-08 16:11:53,336-INFO-Downloading 0 SGDCNH_1_hour_360_D_.csv
2021-08-08 16:12:35,952-INFO-Downloading 0 CHFJPY_1_hour_360_D_.csv
2021-08-08 16:13:17,351-INFO-Downloading 0 EURCHF_1_hour_360_D_.csv
2021-08-08 16:13:41,910-INFO-Downloading 0 USDKRW_1_hour_360_D_.csv
2021-08-08 16:14:30,529-INFO-Downloading 0 CADJPY_1_hour_360_D_.csv
2021-08-08 16:14:53,360-INFO-Downloading 0 EURCAD_1_hour_360_D_.csv
2021-08-08 16:15:36,839-INFO-Downloading 0 AUDCAD_1_hour_360_D_.csv
2021-08-08 16:16:17,725-INFO-Downloading 0 GBPNZD_1_hour_360_D_.csv
2021-08-08 16:16:42,316-INFO-Downloading 0 GBPSGD_1_hour_360_D_.csv
2021-08-08 16:17:30,189-INFO-Downloading 0 USDCZK_1_hour_360_D_.csv
2021-08-08 16:17:53,672-INFO-Downloading 0 USDDKK_1_hour_360_D_.csv
2021-08-08 16:18:36,163-INFO-Downloading 0 USDHUF_1_hour_360_D_.csv
2021-08-08 16:19:17,704-INFO-Downloading 0 USDILS_1_hour_360_D_.csv
2021-08-08 16:19:42,357-INFO-Downloading 0 USDKRW_1_hour_360_D_.csv
2021-08-08 16:20:30,922-INFO-Downloading 0 USDMXN_1_hour_360_D_.csv
2021-08-08 16:20:53,703-INFO-Downloading 0 USDNOK_1_hour_360_D_.csv
2021-08-08 16:21:36,022-INFO-Downloading 0 USDPLN_1_hour_360_D_.csv
2021-08-08 16:22:17,413-INFO-Downloading 0 USDRUB_1_hour_360_D_.csv
2021-08-08 16:22:42,635-INFO-Downloading 0 USDSEK_1_hour_360_D_.csv
2021-08-08 16:23:30,627-INFO-Downloading 0 USDTRY_1_hour_360_D_.csv
2021-08-08 16:23:42,502-INFO-Downloading 0 USDZAR_1_hour_360_D_.csv
2021-08-08 16:24:30,956-INFO-Downloading 0 CSPX_1_hour_360_D_.csv
2021-08-08 16:24:33,839-INFO-Downloading 0 IWDA_1_hour_360_D_.csv
2021-08-08 16:24:44,041-INFO-Downloading 0 IDTL_1_hour_360_D_.csv
2021-08-08 16:24:51,099-INFO-Downloading 0 DTLA_1_hour_360_D_.csv
2021-08-08 16:25:20,001-INFO-Downloading 0 AGGU_1_hour_360_D_.csv
2021-08-08 16:25:33,348-INFO-Downloading 0 VUSD_1_hour_360_D_.csv
2021-08-08 16:25:39,643-INFO-Downloading 0 VWRA_1_hour_360_D_.csv
2021-08-08 16:25:50,499-INFO-Downloading 0 EURUSD_1_day_20_Y_.csv
2021-08-08 16:25:54,409-INFO-Downloading 0 USDSGD_1_day_20_Y_.csv
2021-08-08 16:26:03,329-INFO-Downloading 0 USDJPY_1_day_20_Y_.csv
2021-08-08 16:26:15,861-INFO-Downloading 0 USDHKD_1_day_20_Y_.csv
2021-08-08 16:26:51,875-INFO-Downloading 0 USDCNH_1_day_20_Y_.csv
2021-08-08 16:26:54,538-INFO-Downloading 0 USDCAD_1_day_20_Y_.csv
2021-08-08 16:27:03,519-INFO-Downloading 0 USDCHF_1_day_20_Y_.csv
2021-08-08 16:27:15,868-INFO-Downloading 0 EURSGD_1_day_20_Y_.csv
2021-08-08 16:27:39,924-INFO-Downloading 0 GBPUSD_1_day_20_Y_.csv
2021-08-08 16:27:54,208-INFO-Downloading 0 EURGBP_1_day_20_Y_.csv
2021-08-08 16:28:03,801-INFO-Downloading 0 EURAUD_1_day_20_Y_.csv
2021-08-08 16:28:16,057-INFO-Downloading 0 GBPUSD_1_day_20_Y_.csv
2021-08-08 16:28:52,157-INFO-Downloading 0 EURGBP_1_day_20_Y_.csv
2021-08-08 16:28:58,223-INFO-Downloading 0 EURAUD_1_day_20_Y_.csv
2021-08-08 16:29:09,225-INFO-Downloading 0 GBPUSD_1_day_20_Y_.csv
2021-08-08 16:29:33,887-INFO-Downloading 0 GBPAUD_1_day_20_Y_.csv
2021-08-08 16:29:53,139-INFO-Downloading 0 AUDUSD_1_day_20_Y_.csv
2021-08-08 16:30:03,538-INFO-Downloading 0 AUDSGD_1_day_20_Y_.csv
2021-08-08 16:30:10,438-INFO-Downloading 0 AUDHKD_1_day_20_Y_.csv
2021-08-08 16:30:33,529-INFO-Downloading 0 AUDCNH_1_day_20_Y_.csv
2021-08-08 16:30:52,808-INFO-Downloading 0 AUDJPY_1_day_20_Y_.csv
2021-08-08 16:30:57,922-INFO-Downloading 0 NZDUSD_1_day_20_Y_.csv
2021-08-08 16:31:04,580-INFO-Downloading 0 SGDJPY_1_day_20_Y_.csv
2021-08-08 16:31:16,517-INFO-Downloading 0 SGDCNH_1_day_20_Y_.csv
2021-08-08 16:31:39,785-INFO-Downloading 0 CHFJPY_1_day_20_Y_.csv
2021-08-08 16:31:54,085-INFO-Downloading 0 EURCHF_1_day_20_Y_.csv
2021-08-08 16:32:04,148-INFO-Downloading 0 USDKRW_1_day_20_Y_.csv
2021-08-08 16:32:09,772-INFO-Downloading 0 CADJPY_1_day_20_Y_.csv
2021-08-08 16:32:27,800-INFO-Downloading 0 EURCAD_1_day_20_Y_.csv
2021-08-08 16:32:53,378-INFO-Downloading 0 AUDCAD_1_day_20_Y_.csv
2021-08-08 16:32:58,431-INFO-Downloading 0 GBPNZD_1_day_20_Y_.csv
2021-08-08 16:33:09,590-INFO-Downloading 0 GBPSGD_1_day_20_Y_.csv
2021-08-08 16:33:11,413-INFO-Downloading 0 USDCZK_1_day_20_Y_.csv
2021-08-08 16:33:33,690-INFO-Downloading 0 USDDKK_1_day_20_Y_.csv
2021-08-08 16:33:54,187-INFO-Downloading 0 USDHUF_1_day_20_Y_.csv
2021-08-08 16:33:58,096-INFO-Downloading 0 USDILS_1_day_20_Y_.csv
2021-08-08 16:34:04,471-INFO-Downloading 0 USDKRW_1_day_20_Y_.csv
2021-08-08 16:34:10,427-INFO-Downloading 0 USDMXN_1_day_20_Y_.csv
2021-08-08 16:34:33,592-INFO-Downloading 0 USDNOK_1_day_20_Y_.csv
2021-08-08 16:34:53,597-INFO-Downloading 0 USDPLN_1_day_20_Y_.csv
2021-08-08 16:34:58,501-INFO-Downloading 0 USDRUB_1_day_20_Y_.csv
2021-08-08 16:35:04,662-INFO-Downloading 0 USDSEK_1_day_20_Y_.csv
2021-08-08 16:35:16,435-INFO-Downloading 0 USDTRY_1_day_20_Y_.csv
2021-08-08 16:35:27,881-INFO-Downloading 0 USDZAR_1_day_20_Y_.csv
2021-08-08 16:35:51,580-INFO-Downloading 0 IBUS500_1_day_20_Y_.csv
2021-08-08 16:35:53,923-INFO-Downloading 0 IBUST100_1_day_20_Y_.csv
2021-08-08 16:35:55,428-INFO-Downloading 0 IBUS30_1_day_20_Y_.csv
2021-08-08 16:35:59,840-INFO-Downloading 0 IBDE30_1_day_20_Y_.csv
2021-08-08 16:36:05,072-INFO-Downloading 0 IBFR40_1_day_20_Y_.csv
2021-08-08 16:36:16,136-INFO-Downloading 0 IBGB100_1_day_20_Y_.csv
2021-08-08 16:36:34,138-INFO-Downloading 0 IBES35_1_day_20_Y_.csv
2021-08-08 16:36:53,142-INFO-Downloading 0 IBCH20_1_day_20_Y_.csv
2021-08-08 16:36:54,645-INFO-Downloading 0 IBNL25_1_day_20_Y_.csv
2021-08-08 16:36:59,347-INFO-Downloading 0 IBEU50_1_day_20_Y_.csv
2021-08-08 16:37:04,813-INFO-Downloading 0 IBAU200_1_day_20_Y_.csv
2021-08-08 16:37:11,194-INFO-Downloading 0 IBHK50_1_day_20_Y_.csv
2021-08-08 16:37:27,952-INFO-Downloading 0 IBJP225_1_day_20_Y_.csv
2021-08-08 16:37:52,666-INFO-Downloading 0 CSPX_1_day_20_Y_.csv
2021-08-08 16:37:54,164-INFO-Downloading 0 IWDA_1_day_20_Y_.csv
2021-08-08 16:37:58,708-INFO-Downloading 0 IDTL_1_day_20_Y_.csv
2021-08-08 16:38:04,148-INFO-Downloading 0 DTLA_1_day_20_Y_.csv
2021-08-08 16:38:09,881-INFO-Downloading 0 AGGU_1_day_20_Y_.csv
2021-08-08 16:38:15,878-INFO-Downloading 0 VUSD_1_day_20_Y_.csv
2021-08-08 16:38:34,534-INFO-Downloading 0 VWRA_1_day_20_Y_.csv
